Traceback (most recent call last):
  File "/Users/tinkavalentijn/.virtualenvs/antact/lib/python3.8/site-packages/jupyter_cache/executors/utils.py", line 51, in single_nb_execution
    executenb(
  File "/Users/tinkavalentijn/.virtualenvs/antact/lib/python3.8/site-packages/nbclient/client.py", line 1112, in execute
    return NotebookClient(nb=nb, resources=resources, km=km, **kwargs).execute()
  File "/Users/tinkavalentijn/.virtualenvs/antact/lib/python3.8/site-packages/nbclient/util.py", line 74, in wrapped
    return just_run(coro(*args, **kwargs))
  File "/Users/tinkavalentijn/.virtualenvs/antact/lib/python3.8/site-packages/nbclient/util.py", line 53, in just_run
    return loop.run_until_complete(coro)
  File "/Users/tinkavalentijn/.pyenv/versions/3.8.5/lib/python3.8/asyncio/base_events.py", line 616, in run_until_complete
    return future.result()
  File "/Users/tinkavalentijn/.virtualenvs/antact/lib/python3.8/site-packages/nbclient/client.py", line 553, in async_execute
    await self.async_execute_cell(
  File "/Users/tinkavalentijn/.virtualenvs/antact/lib/python3.8/site-packages/nbclient/client.py", line 857, in async_execute_cell
    self._check_raise_for_error(cell, exec_reply)
  File "/Users/tinkavalentijn/.virtualenvs/antact/lib/python3.8/site-packages/nbclient/client.py", line 760, in _check_raise_for_error
    raise CellExecutionError.from_cell_and_msg(cell, exec_reply_content)
nbclient.exceptions.CellExecutionError: An error occurred while executing the following cell:
------------------
#compute the dominant tercile based on >=40perc prob
stats_region_dominant=stats_region.sort_values('40percth_cell', ascending=False).drop_duplicates(['F','L']).sort_values(["F","L"])
stats_region_dominant.loc[stats_region_dominant["40percth_cell"]==0,"C"]=np.nan
stats_region_dominant.loc[stats_region_dominant["40percth_cell"].isnull(),"C"]=np.nan
stats_region_dominant[(stats_region_dominant.L==1)&(~stats_region_dominant.C.isnull())]
------------------

[0;31m---------------------------------------------------------------------------[0m
[0;31mKeyError[0m                                  Traceback (most recent call last)
[0;32m<ipython-input-42-b2d76c1d12e5>[0m in [0;36m<module>[0;34m[0m
[1;32m      1[0m [0;31m#compute the dominant tercile based on >=40perc prob[0m[0;34m[0m[0;34m[0m[0;34m[0m[0m
[0;32m----> 2[0;31m [0mstats_region_dominant[0m[0;34m=[0m[0mstats_region[0m[0;34m.[0m[0msort_values[0m[0;34m([0m[0;34m'40percth_cell'[0m[0;34m,[0m [0mascending[0m[0;34m=[0m[0;32mFalse[0m[0;34m)[0m[0;34m.[0m[0mdrop_duplicates[0m[0;34m([0m[0;34m[[0m[0;34m'F'[0m[0;34m,[0m[0;34m'L'[0m[0;34m][0m[0;34m)[0m[0;34m.[0m[0msort_values[0m[0;34m([0m[0;34m[[0m[0;34m"F"[0m[0;34m,[0m[0;34m"L"[0m[0;34m][0m[0;34m)[0m[0;34m[0m[0;34m[0m[0m
[0m[1;32m      3[0m [0mstats_region_dominant[0m[0;34m.[0m[0mloc[0m[0;34m[[0m[0mstats_region_dominant[0m[0;34m[[0m[0;34m"40percth_cell"[0m[0;34m][0m[0;34m==[0m[0;36m0[0m[0;34m,[0m[0;34m"C"[0m[0;34m][0m[0;34m=[0m[0mnp[0m[0;34m.[0m[0mnan[0m[0;34m[0m[0;34m[0m[0m
[1;32m      4[0m [0mstats_region_dominant[0m[0;34m.[0m[0mloc[0m[0;34m[[0m[0mstats_region_dominant[0m[0;34m[[0m[0;34m"40percth_cell"[0m[0;34m][0m[0;34m.[0m[0misnull[0m[0;34m([0m[0;34m)[0m[0;34m,[0m[0;34m"C"[0m[0;34m][0m[0;34m=[0m[0mnp[0m[0;34m.[0m[0mnan[0m[0;34m[0m[0;34m[0m[0m
[1;32m      5[0m [0mstats_region_dominant[0m[0;34m[[0m[0;34m([0m[0mstats_region_dominant[0m[0;34m.[0m[0mL[0m[0;34m==[0m[0;36m1[0m[0;34m)[0m[0;34m&[0m[0;34m([0m[0;34m~[0m[0mstats_region_dominant[0m[0;34m.[0m[0mC[0m[0;34m.[0m[0misnull[0m[0;34m([0m[0;34m)[0m[0;34m)[0m[0;34m][0m[0;34m[0m[0;34m[0m[0m

[0;32m~/.virtualenvs/antact/lib/python3.8/site-packages/pandas/core/frame.py[0m in [0;36msort_values[0;34m(self, by, axis, ascending, inplace, kind, na_position, ignore_index, key)[0m
[1;32m   5292[0m [0;34m[0m[0m
[1;32m   5293[0m             [0mby[0m [0;34m=[0m [0mby[0m[0;34m[[0m[0;36m0[0m[0;34m][0m[0;34m[0m[0;34m[0m[0m
[0;32m-> 5294[0;31m             [0mk[0m [0;34m=[0m [0mself[0m[0;34m.[0m[0m_get_label_or_level_values[0m[0;34m([0m[0mby[0m[0;34m,[0m [0maxis[0m[0;34m=[0m[0maxis[0m[0;34m)[0m[0;34m[0m[0;34m[0m[0m
[0m[1;32m   5295[0m [0;34m[0m[0m
[1;32m   5296[0m             [0;31m# need to rewrap column in Series to apply key function[0m[0;34m[0m[0;34m[0m[0;34m[0m[0m

[0;32m~/.virtualenvs/antact/lib/python3.8/site-packages/pandas/core/generic.py[0m in [0;36m_get_label_or_level_values[0;34m(self, key, axis)[0m
[1;32m   1561[0m             [0mvalues[0m [0;34m=[0m [0mself[0m[0;34m.[0m[0maxes[0m[0;34m[[0m[0maxis[0m[0;34m][0m[0;34m.[0m[0mget_level_values[0m[0;34m([0m[0mkey[0m[0;34m)[0m[0;34m.[0m[0m_values[0m[0;34m[0m[0;34m[0m[0m
[1;32m   1562[0m         [0;32melse[0m[0;34m:[0m[0;34m[0m[0;34m[0m[0m
[0;32m-> 1563[0;31m             [0;32mraise[0m [0mKeyError[0m[0;34m([0m[0mkey[0m[0;34m)[0m[0;34m[0m[0;34m[0m[0m
[0m[1;32m   1564[0m [0;34m[0m[0m
[1;32m   1565[0m         [0;31m# Check for duplicates[0m[0;34m[0m[0;34m[0m[0;34m[0m[0m

[0;31mKeyError[0m: '40percth_cell'
KeyError: '40percth_cell'

